<?xml version="1.0" encoding="UTF-8"?>
<!-- Generated by org.testng.reporters.JUnitReportReporter -->
<testsuite hostname="IN-39RM2J3" failures="0" tests="2" name="com.nagarro.SeleniumJava.tests.Test03_ProductPage" time="69.463" errors="0" timestamp="2023-01-09T17:05:59 IST" skipped="0">
  <testcase classname="com.nagarro.SeleniumJava.tests.Test03_ProductPage" name="productSearch" time="28.309"/>
  <system-out/>
  <testcase classname="com.nagarro.SeleniumJava.tests.Test03_ProductPage" name="productAddToCart" time="41.154"/>
  <system-out/>
</testsuite> <!-- com.nagarro.SeleniumJava.tests.Test03_ProductPage -->
