<?xml version="1.0" encoding="UTF-8"?>
<!-- Generated by org.testng.reporters.JUnitReportReporter -->
<testsuite hostname="IN-39RM2J3" failures="0" tests="1" name="com.nagarro.SeleniumJava.tests.Test03_LoginPage" time="6.385" errors="0" timestamp="2023-01-04T14:12:14 IST" skipped="0">
  <testcase classname="com.nagarro.SeleniumJava.tests.Test03_LoginPage" name="LoginToFlipkart" time="6.385"/>
  <system-out/>
</testsuite> <!-- com.nagarro.SeleniumJava.tests.Test03_LoginPage -->
