<?xml version="1.0" encoding="UTF-8"?>
<!-- Generated by org.testng.reporters.JUnitReportReporter -->
<testsuite hostname="IN-39RM2J3" failures="0" tests="7" name="com.nagarro.SeleniumJava.tests.Test01_HomePage" time="334.492" errors="0" timestamp="2023-01-09T18:59:23 IST" skipped="1">
  <testcase classname="com.nagarro.SeleniumJava.tests.Test01_HomePage" name="verifyHomePageTitleTest" time="51.839"/>
  <system-out/>
  <testcase classname="com.nagarro.SeleniumJava.tests.Test01_HomePage" name="verifyFlipkartLogoTest" time="45.686"/>
  <system-out/>
  <testcase classname="com.nagarro.SeleniumJava.tests.Test01_HomePage" name="verifyLoginTabTest" time="49.399"/>
  <system-out/>
  <testcase classname="com.nagarro.SeleniumJava.tests.Test01_HomePage" name="verifyBecomeASellerTabTest" time="44.387"/>
  <system-out/>
  <testcase classname="com.nagarro.SeleniumJava.tests.Test01_HomePage" name="verifySearchProductTest" time="38.655"/>
  <system-out/>
  <testcase classname="com.nagarro.SeleniumJava.tests.Test01_HomePage" name="ClickNextSlide" time="44.945"/>
  <system-out/>
  <testcase classname="com.nagarro.SeleniumJava.tests.Test01_HomePage" name="ClickBackSlide" time="59.581">
    <skipped/>
  </testcase> <!-- ClickBackSlide -->
  <system-out/>
</testsuite> <!-- com.nagarro.SeleniumJava.tests.Test01_HomePage -->
